<?xml version="1.0" encoding="UTF-8"?>
<testsuite xmlns:xsi="http://www.w3.org/2001/XMLSchema-instance" xsi:noNamespaceSchemaLocation="https://maven.apache.org/surefire/maven-surefire-plugin/xsd/surefire-test-report-3.0.xsd" version="3.0" name="edu.udg.tfg.HistoryService.HistoryServiceApplicationTests" time="7.057" tests="1" errors="0" skipped="0" failures="0">
  <properties>
    <property name="java.specification.version" value="18"/>
    <property name="sun.jnu.encoding" value="UTF-8"/>
    <property name="java.class.path" value="/home/mpi/tfg/server/HistoryService/target/test-classes:/home/mpi/tfg/server/HistoryService/target/classes:/home/mpi/.m2/repository/org/springframework/boot/spring-boot-starter-amqp/3.3.3/spring-boot-starter-amqp-3.3.3.jar:/home/mpi/.m2/repository/org/springframework/boot/spring-boot-starter/3.3.3/spring-boot-starter-3.3.3.jar:/home/mpi/.m2/repository/org/springframework/boot/spring-boot-starter-logging/3.3.3/spring-boot-starter-logging-3.3.3.jar:/home/mpi/.m2/repository/ch/qos/logback/logback-classic/1.5.7/logback-classic-1.5.7.jar:/home/mpi/.m2/repository/ch/qos/logback/logback-core/1.5.7/logback-core-1.5.7.jar:/home/mpi/.m2/repository/org/apache/logging/log4j/log4j-to-slf4j/2.23.1/log4j-to-slf4j-2.23.1.jar:/home/mpi/.m2/repository/org/apache/logging/log4j/log4j-api/2.23.1/log4j-api-2.23.1.jar:/home/mpi/.m2/repository/org/slf4j/jul-to-slf4j/2.0.16/jul-to-slf4j-2.0.16.jar:/home/mpi/.m2/repository/jakarta/annotation/jakarta.annotation-api/2.1.1/jakarta.annotation-api-2.1.1.jar:/home/mpi/.m2/repository/org/yaml/snakeyaml/2.2/snakeyaml-2.2.jar:/home/mpi/.m2/repository/org/springframework/spring-messaging/6.1.12/spring-messaging-6.1.12.jar:/home/mpi/.m2/repository/org/springframework/spring-beans/6.1.12/spring-beans-6.1.12.jar:/home/mpi/.m2/repository/org/springframework/amqp/spring-rabbit/3.1.7/spring-rabbit-3.1.7.jar:/home/mpi/.m2/repository/org/springframework/amqp/spring-amqp/3.1.7/spring-amqp-3.1.7.jar:/home/mpi/.m2/repository/org/springframework/retry/spring-retry/2.0.8/spring-retry-2.0.8.jar:/home/mpi/.m2/repository/com/rabbitmq/amqp-client/5.21.0/amqp-client-5.21.0.jar:/home/mpi/.m2/repository/org/springframework/spring-context/6.1.12/spring-context-6.1.12.jar:/home/mpi/.m2/repository/org/springframework/spring-tx/6.1.12/spring-tx-6.1.12.jar:/home/mpi/.m2/repository/org/springframework/boot/spring-boot-starter-data-jpa/3.3.3/spring-boot-starter-data-jpa-3.3.3.jar:/home/mpi/.m2/repository/org/springframework/boot/spring-boot-starter-aop/3.3.3/spring-boot-starter-aop-3.3.3.jar:/home/mpi/.m2/repository/org/springframework/spring-aop/6.1.12/spring-aop-6.1.12.jar:/home/mpi/.m2/repository/org/aspectj/aspectjweaver/1.9.22.1/aspectjweaver-1.9.22.1.jar:/home/mpi/.m2/repository/org/springframework/boot/spring-boot-starter-jdbc/3.3.3/spring-boot-starter-jdbc-3.3.3.jar:/home/mpi/.m2/repository/com/zaxxer/HikariCP/5.1.0/HikariCP-5.1.0.jar:/home/mpi/.m2/repository/org/springframework/spring-jdbc/6.1.12/spring-jdbc-6.1.12.jar:/home/mpi/.m2/repository/org/hibernate/orm/hibernate-core/6.5.2.Final/hibernate-core-6.5.2.Final.jar:/home/mpi/.m2/repository/jakarta/persistence/jakarta.persistence-api/3.1.0/jakarta.persistence-api-3.1.0.jar:/home/mpi/.m2/repository/jakarta/transaction/jakarta.transaction-api/2.0.1/jakarta.transaction-api-2.0.1.jar:/home/mpi/.m2/repository/org/jboss/logging/jboss-logging/3.5.3.Final/jboss-logging-3.5.3.Final.jar:/home/mpi/.m2/repository/org/hibernate/common/hibernate-commons-annotations/6.0.6.Final/hibernate-commons-annotations-6.0.6.Final.jar:/home/mpi/.m2/repository/io/smallrye/jandex/3.1.2/jandex-3.1.2.jar:/home/mpi/.m2/repository/com/fasterxml/classmate/1.7.0/classmate-1.7.0.jar:/home/mpi/.m2/repository/net/bytebuddy/byte-buddy/1.14.19/byte-buddy-1.14.19.jar:/home/mpi/.m2/repository/org/glassfish/jaxb/jaxb-runtime/4.0.5/jaxb-runtime-4.0.5.jar:/home/mpi/.m2/repository/org/glassfish/jaxb/jaxb-core/4.0.5/jaxb-core-4.0.5.jar:/home/mpi/.m2/repository/org/eclipse/angus/angus-activation/2.0.2/angus-activation-2.0.2.jar:/home/mpi/.m2/repository/org/glassfish/jaxb/txw2/4.0.5/txw2-4.0.5.jar:/home/mpi/.m2/repository/com/sun/istack/istack-commons-runtime/4.1.2/istack-commons-runtime-4.1.2.jar:/home/mpi/.m2/repository/jakarta/inject/jakarta.inject-api/2.0.1/jakarta.inject-api-2.0.1.jar:/home/mpi/.m2/repository/org/antlr/antlr4-runtime/4.13.0/antlr4-runtime-4.13.0.jar:/home/mpi/.m2/repository/org/springframework/data/spring-data-jpa/3.3.3/spring-data-jpa-3.3.3.jar:/home/mpi/.m2/repository/org/springframework/data/spring-data-commons/3.3.3/spring-data-commons-3.3.3.jar:/home/mpi/.m2/repository/org/springframework/spring-orm/6.1.12/spring-orm-6.1.12.jar:/home/mpi/.m2/repository/org/slf4j/slf4j-api/2.0.16/slf4j-api-2.0.16.jar:/home/mpi/.m2/repository/org/springframework/spring-aspects/6.1.12/spring-aspects-6.1.12.jar:/home/mpi/.m2/repository/org/springframework/boot/spring-boot-starter-web/3.3.3/spring-boot-starter-web-3.3.3.jar:/home/mpi/.m2/repository/org/springframework/boot/spring-boot-starter-json/3.3.3/spring-boot-starter-json-3.3.3.jar:/home/mpi/.m2/repository/com/fasterxml/jackson/core/jackson-databind/2.17.2/jackson-databind-2.17.2.jar:/home/mpi/.m2/repository/com/fasterxml/jackson/datatype/jackson-datatype-jdk8/2.17.2/jackson-datatype-jdk8-2.17.2.jar:/home/mpi/.m2/repository/com/fasterxml/jackson/datatype/jackson-datatype-jsr310/2.17.2/jackson-datatype-jsr310-2.17.2.jar:/home/mpi/.m2/repository/com/fasterxml/jackson/module/jackson-module-parameter-names/2.17.2/jackson-module-parameter-names-2.17.2.jar:/home/mpi/.m2/repository/org/springframework/boot/spring-boot-starter-tomcat/3.3.3/spring-boot-starter-tomcat-3.3.3.jar:/home/mpi/.m2/repository/org/apache/tomcat/embed/tomcat-embed-core/10.1.28/tomcat-embed-core-10.1.28.jar:/home/mpi/.m2/repository/org/apache/tomcat/embed/tomcat-embed-el/10.1.28/tomcat-embed-el-10.1.28.jar:/home/mpi/.m2/repository/org/apache/tomcat/embed/tomcat-embed-websocket/10.1.28/tomcat-embed-websocket-10.1.28.jar:/home/mpi/.m2/repository/org/springframework/spring-web/6.1.12/spring-web-6.1.12.jar:/home/mpi/.m2/repository/org/springframework/spring-webmvc/6.1.12/spring-webmvc-6.1.12.jar:/home/mpi/.m2/repository/org/springframework/spring-expression/6.1.12/spring-expression-6.1.12.jar:/home/mpi/.m2/repository/org/springframework/boot/spring-boot-starter-websocket/3.3.3/spring-boot-starter-websocket-3.3.3.jar:/home/mpi/.m2/repository/org/springframework/spring-websocket/6.1.12/spring-websocket-6.1.12.jar:/home/mpi/.m2/repository/org/springframework/cloud/spring-cloud-starter-netflix-eureka-client/4.1.3/spring-cloud-starter-netflix-eureka-client-4.1.3.jar:/home/mpi/.m2/repository/org/springframework/cloud/spring-cloud-starter/4.1.4/spring-cloud-starter-4.1.4.jar:/home/mpi/.m2/repository/org/springframework/cloud/spring-cloud-context/4.1.4/spring-cloud-context-4.1.4.jar:/home/mpi/.m2/repository/org/springframework/security/spring-security-rsa/1.1.3/spring-security-rsa-1.1.3.jar:/home/mpi/.m2/repository/org/bouncycastle/bcprov-jdk18on/1.78/bcprov-jdk18on-1.78.jar:/home/mpi/.m2/repository/org/springframework/cloud/spring-cloud-netflix-eureka-client/4.1.3/spring-cloud-netflix-eureka-client-4.1.3.jar:/home/mpi/.m2/repository/org/apache/httpcomponents/client5/httpclient5/5.3.1/httpclient5-5.3.1.jar:/home/mpi/.m2/repository/org/apache/httpcomponents/core5/httpcore5/5.2.5/httpcore5-5.2.5.jar:/home/mpi/.m2/repository/org/apache/httpcomponents/core5/httpcore5-h2/5.2.5/httpcore5-h2-5.2.5.jar:/home/mpi/.m2/repository/com/netflix/eureka/eureka-client/2.0.3/eureka-client-2.0.3.jar:/home/mpi/.m2/repository/com/thoughtworks/xstream/xstream/1.4.20/xstream-1.4.20.jar:/home/mpi/.m2/repository/io/github/x-stream/mxparser/1.2.2/mxparser-1.2.2.jar:/home/mpi/.m2/repository/xmlpull/xmlpull/1.1.3.1/xmlpull-1.1.3.1.jar:/home/mpi/.m2/repository/jakarta/ws/rs/jakarta.ws.rs-api/3.1.0/jakarta.ws.rs-api-3.1.0.jar:/home/mpi/.m2/repository/com/netflix/spectator/spectator-api/1.7.3/spectator-api-1.7.3.jar:/home/mpi/.m2/repository/org/apache/httpcomponents/httpclient/4.5.3/httpclient-4.5.3.jar:/home/mpi/.m2/repository/org/apache/httpcomponents/httpcore/4.4.16/httpcore-4.4.16.jar:/home/mpi/.m2/repository/commons-codec/commons-codec/1.16.1/commons-codec-1.16.1.jar:/home/mpi/.m2/repository/commons-configuration/commons-configuration/1.10/commons-configuration-1.10.jar:/home/mpi/.m2/repository/commons-lang/commons-lang/2.6/commons-lang-2.6.jar:/home/mpi/.m2/repository/com/fasterxml/jackson/core/jackson-annotations/2.17.2/jackson-annotations-2.17.2.jar:/home/mpi/.m2/repository/com/fasterxml/jackson/core/jackson-core/2.17.2/jackson-core-2.17.2.jar:/home/mpi/.m2/repository/com/netflix/netflix-commons/netflix-eventbus/0.3.0/netflix-eventbus-0.3.0.jar:/home/mpi/.m2/repository/com/netflix/netflix-commons/netflix-infix/0.3.0/netflix-infix-0.3.0.jar:/home/mpi/.m2/repository/commons-jxpath/commons-jxpath/1.3/commons-jxpath-1.3.jar:/home/mpi/.m2/repository/joda-time/joda-time/2.3/joda-time-2.3.jar:/home/mpi/.m2/repository/org/antlr/antlr-runtime/3.4/antlr-runtime-3.4.jar:/home/mpi/.m2/repository/org/antlr/stringtemplate/3.2.1/stringtemplate-3.2.1.jar:/home/mpi/.m2/repository/antlr/antlr/2.7.7/antlr-2.7.7.jar:/home/mpi/.m2/repository/com/google/code/gson/gson/2.10.1/gson-2.10.1.jar:/home/mpi/.m2/repository/com/netflix/servo/servo-core/0.5.3/servo-core-0.5.3.jar:/home/mpi/.m2/repository/org/apache/commons/commons-math/2.2/commons-math-2.2.jar:/home/mpi/.m2/repository/javax/annotation/javax.annotation-api/1.2/javax.annotation-api-1.2.jar:/home/mpi/.m2/repository/org/codehaus/jettison/jettison/1.5.4/jettison-1.5.4.jar:/home/mpi/.m2/repository/com/netflix/eureka/eureka-core/2.0.3/eureka-core-2.0.3.jar:/home/mpi/.m2/repository/com/fasterxml/woodstox/woodstox-core/6.2.1/woodstox-core-6.2.1.jar:/home/mpi/.m2/repository/org/codehaus/woodstox/stax2-api/4.2.1/stax2-api-4.2.1.jar:/home/mpi/.m2/repository/com/google/guava/guava/33.0.0-jre/guava-33.0.0-jre.jar:/home/mpi/.m2/repository/com/google/guava/failureaccess/1.0.2/failureaccess-1.0.2.jar:/home/mpi/.m2/repository/com/google/guava/listenablefuture/9999.0-empty-to-avoid-conflict-with-guava/listenablefuture-9999.0-empty-to-avoid-conflict-with-guava.jar:/home/mpi/.m2/repository/com/google/errorprone/error_prone_annotations/2.23.0/error_prone_annotations-2.23.0.jar:/home/mpi/.m2/repository/com/google/j2objc/j2objc-annotations/2.8/j2objc-annotations-2.8.jar:/home/mpi/.m2/repository/org/springframework/cloud/spring-cloud-starter-loadbalancer/4.1.4/spring-cloud-starter-loadbalancer-4.1.4.jar:/home/mpi/.m2/repository/org/springframework/cloud/spring-cloud-loadbalancer/4.1.4/spring-cloud-loadbalancer-4.1.4.jar:/home/mpi/.m2/repository/io/projectreactor/reactor-core/3.6.9/reactor-core-3.6.9.jar:/home/mpi/.m2/repository/org/reactivestreams/reactive-streams/1.0.4/reactive-streams-1.0.4.jar:/home/mpi/.m2/repository/io/projectreactor/addons/reactor-extra/3.5.2/reactor-extra-3.5.2.jar:/home/mpi/.m2/repository/org/springframework/boot/spring-boot-starter-cache/3.3.3/spring-boot-starter-cache-3.3.3.jar:/home/mpi/.m2/repository/org/springframework/spring-context-support/6.1.12/spring-context-support-6.1.12.jar:/home/mpi/.m2/repository/com/stoyanr/evictor/1.0.0/evictor-1.0.0.jar:/home/mpi/.m2/repository/org/springframework/cloud/spring-cloud-starter-openfeign/4.1.3/spring-cloud-starter-openfeign-4.1.3.jar:/home/mpi/.m2/repository/org/springframework/cloud/spring-cloud-openfeign-core/4.1.3/spring-cloud-openfeign-core-4.1.3.jar:/home/mpi/.m2/repository/io/github/openfeign/form/feign-form-spring/3.8.0/feign-form-spring-3.8.0.jar:/home/mpi/.m2/repository/io/github/openfeign/form/feign-form/3.8.0/feign-form-3.8.0.jar:/home/mpi/.m2/repository/commons-fileupload/commons-fileupload/1.5/commons-fileupload-1.5.jar:/home/mpi/.m2/repository/commons-io/commons-io/2.11.0/commons-io-2.11.0.jar:/home/mpi/.m2/repository/org/springframework/cloud/spring-cloud-commons/4.1.4/spring-cloud-commons-4.1.4.jar:/home/mpi/.m2/repository/org/springframework/security/spring-security-crypto/6.3.3/spring-security-crypto-6.3.3.jar:/home/mpi/.m2/repository/io/github/openfeign/feign-core/13.3/feign-core-13.3.jar:/home/mpi/.m2/repository/io/github/openfeign/feign-slf4j/13.3/feign-slf4j-13.3.jar:/home/mpi/.m2/repository/org/springframework/boot/spring-boot-devtools/3.3.3/spring-boot-devtools-3.3.3.jar:/home/mpi/.m2/repository/org/springframework/boot/spring-boot/3.3.3/spring-boot-3.3.3.jar:/home/mpi/.m2/repository/org/springframework/boot/spring-boot-autoconfigure/3.3.3/spring-boot-autoconfigure-3.3.3.jar:/home/mpi/.m2/repository/org/projectlombok/lombok/1.18.34/lombok-1.18.34.jar:/home/mpi/.m2/repository/org/springframework/boot/spring-boot-starter-test/3.3.3/spring-boot-starter-test-3.3.3.jar:/home/mpi/.m2/repository/org/springframework/boot/spring-boot-test/3.3.3/spring-boot-test-3.3.3.jar:/home/mpi/.m2/repository/org/springframework/boot/spring-boot-test-autoconfigure/3.3.3/spring-boot-test-autoconfigure-3.3.3.jar:/home/mpi/.m2/repository/com/jayway/jsonpath/json-path/2.9.0/json-path-2.9.0.jar:/home/mpi/.m2/repository/jakarta/xml/bind/jakarta.xml.bind-api/4.0.2/jakarta.xml.bind-api-4.0.2.jar:/home/mpi/.m2/repository/jakarta/activation/jakarta.activation-api/2.1.3/jakarta.activation-api-2.1.3.jar:/home/mpi/.m2/repository/net/minidev/json-smart/2.5.1/json-smart-2.5.1.jar:/home/mpi/.m2/repository/net/minidev/accessors-smart/2.5.1/accessors-smart-2.5.1.jar:/home/mpi/.m2/repository/org/ow2/asm/asm/9.6/asm-9.6.jar:/home/mpi/.m2/repository/org/assertj/assertj-core/3.25.3/assertj-core-3.25.3.jar:/home/mpi/.m2/repository/org/awaitility/awaitility/4.2.2/awaitility-4.2.2.jar:/home/mpi/.m2/repository/org/hamcrest/hamcrest/2.2/hamcrest-2.2.jar:/home/mpi/.m2/repository/org/junit/jupiter/junit-jupiter/5.10.3/junit-jupiter-5.10.3.jar:/home/mpi/.m2/repository/org/junit/jupiter/junit-jupiter-api/5.10.3/junit-jupiter-api-5.10.3.jar:/home/mpi/.m2/repository/org/opentest4j/opentest4j/1.3.0/opentest4j-1.3.0.jar:/home/mpi/.m2/repository/org/junit/platform/junit-platform-commons/1.10.3/junit-platform-commons-1.10.3.jar:/home/mpi/.m2/repository/org/apiguardian/apiguardian-api/1.1.2/apiguardian-api-1.1.2.jar:/home/mpi/.m2/repository/org/junit/jupiter/junit-jupiter-params/5.10.3/junit-jupiter-params-5.10.3.jar:/home/mpi/.m2/repository/org/junit/jupiter/junit-jupiter-engine/5.10.3/junit-jupiter-engine-5.10.3.jar:/home/mpi/.m2/repository/org/junit/platform/junit-platform-engine/1.10.3/junit-platform-engine-1.10.3.jar:/home/mpi/.m2/repository/org/mockito/mockito-core/5.11.0/mockito-core-5.11.0.jar:/home/mpi/.m2/repository/net/bytebuddy/byte-buddy-agent/1.14.19/byte-buddy-agent-1.14.19.jar:/home/mpi/.m2/repository/org/objenesis/objenesis/3.3/objenesis-3.3.jar:/home/mpi/.m2/repository/org/mockito/mockito-junit-jupiter/5.11.0/mockito-junit-jupiter-5.11.0.jar:/home/mpi/.m2/repository/org/skyscreamer/jsonassert/1.5.3/jsonassert-1.5.3.jar:/home/mpi/.m2/repository/com/vaadin/external/google/android-json/0.0.20131108.vaadin1/android-json-0.0.20131108.vaadin1.jar:/home/mpi/.m2/repository/org/springframework/spring-core/6.1.12/spring-core-6.1.12.jar:/home/mpi/.m2/repository/org/springframework/spring-jcl/6.1.12/spring-jcl-6.1.12.jar:/home/mpi/.m2/repository/org/springframework/spring-test/6.1.12/spring-test-6.1.12.jar:/home/mpi/.m2/repository/org/xmlunit/xmlunit-core/2.9.1/xmlunit-core-2.9.1.jar:/home/mpi/.m2/repository/org/springframework/amqp/spring-rabbit-test/3.1.7/spring-rabbit-test-3.1.7.jar:/home/mpi/.m2/repository/org/springframework/amqp/spring-rabbit-junit/3.1.7/spring-rabbit-junit-3.1.7.jar:/home/mpi/.m2/repository/org/hamcrest/hamcrest-library/2.2/hamcrest-library-2.2.jar:/home/mpi/.m2/repository/org/hamcrest/hamcrest-core/2.2/hamcrest-core-2.2.jar:/home/mpi/.m2/repository/org/mapstruct/mapstruct/1.6.0.Beta1/mapstruct-1.6.0.Beta1.jar:/home/mpi/.m2/repository/org/springframework/boot/spring-boot-starter-actuator/3.3.3/spring-boot-starter-actuator-3.3.3.jar:/home/mpi/.m2/repository/org/springframework/boot/spring-boot-actuator-autoconfigure/3.3.3/spring-boot-actuator-autoconfigure-3.3.3.jar:/home/mpi/.m2/repository/org/springframework/boot/spring-boot-actuator/3.3.3/spring-boot-actuator-3.3.3.jar:/home/mpi/.m2/repository/io/micrometer/micrometer-observation/1.13.3/micrometer-observation-1.13.3.jar:/home/mpi/.m2/repository/io/micrometer/micrometer-commons/1.13.3/micrometer-commons-1.13.3.jar:/home/mpi/.m2/repository/io/micrometer/micrometer-jakarta9/1.13.3/micrometer-jakarta9-1.13.3.jar:/home/mpi/.m2/repository/io/micrometer/micrometer-core/1.13.3/micrometer-core-1.13.3.jar:/home/mpi/.m2/repository/org/hdrhistogram/HdrHistogram/2.2.2/HdrHistogram-2.2.2.jar:/home/mpi/.m2/repository/org/latencyutils/LatencyUtils/2.0.3/LatencyUtils-2.0.3.jar:/home/mpi/.m2/repository/org/postgresql/postgresql/42.7.3/postgresql-42.7.3.jar:/home/mpi/.m2/repository/org/checkerframework/checker-qual/3.42.0/checker-qual-3.42.0.jar:"/>
    <property name="java.vm.vendor" value="Amazon.com Inc."/>
    <property name="sun.arch.data.model" value="64"/>
    <property name="java.vendor.url" value="https://aws.amazon.com/corretto/"/>
    <property name="user.timezone" value="Europe/Madrid"/>
    <property name="org.jboss.logging.provider" value="slf4j"/>
    <property name="os.name" value="Linux"/>
    <property name="java.vm.specification.version" value="18"/>
    <property name="sun.java.launcher" value="SUN_STANDARD"/>
    <property name="user.country" value="US"/>
    <property name="sun.boot.library.path" value="/home/mpi/.jdks/corretto-18.0.2/lib"/>
    <property name="sun.java.command" value="/home/mpi/tfg/server/HistoryService/target/surefire/surefirebooter-20240826181541592_3.jar /home/mpi/tfg/server/HistoryService/target/surefire 2024-08-26T18-15-41_506-jvmRun1 surefire-20240826181541592_1tmp surefire_0-20240826181541592_2tmp"/>
    <property name="jdk.debug" value="release"/>
    <property name="surefire.test.class.path" value="/home/mpi/tfg/server/HistoryService/target/test-classes:/home/mpi/tfg/server/HistoryService/target/classes:/home/mpi/.m2/repository/org/springframework/boot/spring-boot-starter-amqp/3.3.3/spring-boot-starter-amqp-3.3.3.jar:/home/mpi/.m2/repository/org/springframework/boot/spring-boot-starter/3.3.3/spring-boot-starter-3.3.3.jar:/home/mpi/.m2/repository/org/springframework/boot/spring-boot-starter-logging/3.3.3/spring-boot-starter-logging-3.3.3.jar:/home/mpi/.m2/repository/ch/qos/logback/logback-classic/1.5.7/logback-classic-1.5.7.jar:/home/mpi/.m2/repository/ch/qos/logback/logback-core/1.5.7/logback-core-1.5.7.jar:/home/mpi/.m2/repository/org/apache/logging/log4j/log4j-to-slf4j/2.23.1/log4j-to-slf4j-2.23.1.jar:/home/mpi/.m2/repository/org/apache/logging/log4j/log4j-api/2.23.1/log4j-api-2.23.1.jar:/home/mpi/.m2/repository/org/slf4j/jul-to-slf4j/2.0.16/jul-to-slf4j-2.0.16.jar:/home/mpi/.m2/repository/jakarta/annotation/jakarta.annotation-api/2.1.1/jakarta.annotation-api-2.1.1.jar:/home/mpi/.m2/repository/org/yaml/snakeyaml/2.2/snakeyaml-2.2.jar:/home/mpi/.m2/repository/org/springframework/spring-messaging/6.1.12/spring-messaging-6.1.12.jar:/home/mpi/.m2/repository/org/springframework/spring-beans/6.1.12/spring-beans-6.1.12.jar:/home/mpi/.m2/repository/org/springframework/amqp/spring-rabbit/3.1.7/spring-rabbit-3.1.7.jar:/home/mpi/.m2/repository/org/springframework/amqp/spring-amqp/3.1.7/spring-amqp-3.1.7.jar:/home/mpi/.m2/repository/org/springframework/retry/spring-retry/2.0.8/spring-retry-2.0.8.jar:/home/mpi/.m2/repository/com/rabbitmq/amqp-client/5.21.0/amqp-client-5.21.0.jar:/home/mpi/.m2/repository/org/springframework/spring-context/6.1.12/spring-context-6.1.12.jar:/home/mpi/.m2/repository/org/springframework/spring-tx/6.1.12/spring-tx-6.1.12.jar:/home/mpi/.m2/repository/org/springframework/boot/spring-boot-starter-data-jpa/3.3.3/spring-boot-starter-data-jpa-3.3.3.jar:/home/mpi/.m2/repository/org/springframework/boot/spring-boot-starter-aop/3.3.3/spring-boot-starter-aop-3.3.3.jar:/home/mpi/.m2/repository/org/springframework/spring-aop/6.1.12/spring-aop-6.1.12.jar:/home/mpi/.m2/repository/org/aspectj/aspectjweaver/1.9.22.1/aspectjweaver-1.9.22.1.jar:/home/mpi/.m2/repository/org/springframework/boot/spring-boot-starter-jdbc/3.3.3/spring-boot-starter-jdbc-3.3.3.jar:/home/mpi/.m2/repository/com/zaxxer/HikariCP/5.1.0/HikariCP-5.1.0.jar:/home/mpi/.m2/repository/org/springframework/spring-jdbc/6.1.12/spring-jdbc-6.1.12.jar:/home/mpi/.m2/repository/org/hibernate/orm/hibernate-core/6.5.2.Final/hibernate-core-6.5.2.Final.jar:/home/mpi/.m2/repository/jakarta/persistence/jakarta.persistence-api/3.1.0/jakarta.persistence-api-3.1.0.jar:/home/mpi/.m2/repository/jakarta/transaction/jakarta.transaction-api/2.0.1/jakarta.transaction-api-2.0.1.jar:/home/mpi/.m2/repository/org/jboss/logging/jboss-logging/3.5.3.Final/jboss-logging-3.5.3.Final.jar:/home/mpi/.m2/repository/org/hibernate/common/hibernate-commons-annotations/6.0.6.Final/hibernate-commons-annotations-6.0.6.Final.jar:/home/mpi/.m2/repository/io/smallrye/jandex/3.1.2/jandex-3.1.2.jar:/home/mpi/.m2/repository/com/fasterxml/classmate/1.7.0/classmate-1.7.0.jar:/home/mpi/.m2/repository/net/bytebuddy/byte-buddy/1.14.19/byte-buddy-1.14.19.jar:/home/mpi/.m2/repository/org/glassfish/jaxb/jaxb-runtime/4.0.5/jaxb-runtime-4.0.5.jar:/home/mpi/.m2/repository/org/glassfish/jaxb/jaxb-core/4.0.5/jaxb-core-4.0.5.jar:/home/mpi/.m2/repository/org/eclipse/angus/angus-activation/2.0.2/angus-activation-2.0.2.jar:/home/mpi/.m2/repository/org/glassfish/jaxb/txw2/4.0.5/txw2-4.0.5.jar:/home/mpi/.m2/repository/com/sun/istack/istack-commons-runtime/4.1.2/istack-commons-runtime-4.1.2.jar:/home/mpi/.m2/repository/jakarta/inject/jakarta.inject-api/2.0.1/jakarta.inject-api-2.0.1.jar:/home/mpi/.m2/repository/org/antlr/antlr4-runtime/4.13.0/antlr4-runtime-4.13.0.jar:/home/mpi/.m2/repository/org/springframework/data/spring-data-jpa/3.3.3/spring-data-jpa-3.3.3.jar:/home/mpi/.m2/repository/org/springframework/data/spring-data-commons/3.3.3/spring-data-commons-3.3.3.jar:/home/mpi/.m2/repository/org/springframework/spring-orm/6.1.12/spring-orm-6.1.12.jar:/home/mpi/.m2/repository/org/slf4j/slf4j-api/2.0.16/slf4j-api-2.0.16.jar:/home/mpi/.m2/repository/org/springframework/spring-aspects/6.1.12/spring-aspects-6.1.12.jar:/home/mpi/.m2/repository/org/springframework/boot/spring-boot-starter-web/3.3.3/spring-boot-starter-web-3.3.3.jar:/home/mpi/.m2/repository/org/springframework/boot/spring-boot-starter-json/3.3.3/spring-boot-starter-json-3.3.3.jar:/home/mpi/.m2/repository/com/fasterxml/jackson/core/jackson-databind/2.17.2/jackson-databind-2.17.2.jar:/home/mpi/.m2/repository/com/fasterxml/jackson/datatype/jackson-datatype-jdk8/2.17.2/jackson-datatype-jdk8-2.17.2.jar:/home/mpi/.m2/repository/com/fasterxml/jackson/datatype/jackson-datatype-jsr310/2.17.2/jackson-datatype-jsr310-2.17.2.jar:/home/mpi/.m2/repository/com/fasterxml/jackson/module/jackson-module-parameter-names/2.17.2/jackson-module-parameter-names-2.17.2.jar:/home/mpi/.m2/repository/org/springframework/boot/spring-boot-starter-tomcat/3.3.3/spring-boot-starter-tomcat-3.3.3.jar:/home/mpi/.m2/repository/org/apache/tomcat/embed/tomcat-embed-core/10.1.28/tomcat-embed-core-10.1.28.jar:/home/mpi/.m2/repository/org/apache/tomcat/embed/tomcat-embed-el/10.1.28/tomcat-embed-el-10.1.28.jar:/home/mpi/.m2/repository/org/apache/tomcat/embed/tomcat-embed-websocket/10.1.28/tomcat-embed-websocket-10.1.28.jar:/home/mpi/.m2/repository/org/springframework/spring-web/6.1.12/spring-web-6.1.12.jar:/home/mpi/.m2/repository/org/springframework/spring-webmvc/6.1.12/spring-webmvc-6.1.12.jar:/home/mpi/.m2/repository/org/springframework/spring-expression/6.1.12/spring-expression-6.1.12.jar:/home/mpi/.m2/repository/org/springframework/boot/spring-boot-starter-websocket/3.3.3/spring-boot-starter-websocket-3.3.3.jar:/home/mpi/.m2/repository/org/springframework/spring-websocket/6.1.12/spring-websocket-6.1.12.jar:/home/mpi/.m2/repository/org/springframework/cloud/spring-cloud-starter-netflix-eureka-client/4.1.3/spring-cloud-starter-netflix-eureka-client-4.1.3.jar:/home/mpi/.m2/repository/org/springframework/cloud/spring-cloud-starter/4.1.4/spring-cloud-starter-4.1.4.jar:/home/mpi/.m2/repository/org/springframework/cloud/spring-cloud-context/4.1.4/spring-cloud-context-4.1.4.jar:/home/mpi/.m2/repository/org/springframework/security/spring-security-rsa/1.1.3/spring-security-rsa-1.1.3.jar:/home/mpi/.m2/repository/org/bouncycastle/bcprov-jdk18on/1.78/bcprov-jdk18on-1.78.jar:/home/mpi/.m2/repository/org/springframework/cloud/spring-cloud-netflix-eureka-client/4.1.3/spring-cloud-netflix-eureka-client-4.1.3.jar:/home/mpi/.m2/repository/org/apache/httpcomponents/client5/httpclient5/5.3.1/httpclient5-5.3.1.jar:/home/mpi/.m2/repository/org/apache/httpcomponents/core5/httpcore5/5.2.5/httpcore5-5.2.5.jar:/home/mpi/.m2/repository/org/apache/httpcomponents/core5/httpcore5-h2/5.2.5/httpcore5-h2-5.2.5.jar:/home/mpi/.m2/repository/com/netflix/eureka/eureka-client/2.0.3/eureka-client-2.0.3.jar:/home/mpi/.m2/repository/com/thoughtworks/xstream/xstream/1.4.20/xstream-1.4.20.jar:/home/mpi/.m2/repository/io/github/x-stream/mxparser/1.2.2/mxparser-1.2.2.jar:/home/mpi/.m2/repository/xmlpull/xmlpull/1.1.3.1/xmlpull-1.1.3.1.jar:/home/mpi/.m2/repository/jakarta/ws/rs/jakarta.ws.rs-api/3.1.0/jakarta.ws.rs-api-3.1.0.jar:/home/mpi/.m2/repository/com/netflix/spectator/spectator-api/1.7.3/spectator-api-1.7.3.jar:/home/mpi/.m2/repository/org/apache/httpcomponents/httpclient/4.5.3/httpclient-4.5.3.jar:/home/mpi/.m2/repository/org/apache/httpcomponents/httpcore/4.4.16/httpcore-4.4.16.jar:/home/mpi/.m2/repository/commons-codec/commons-codec/1.16.1/commons-codec-1.16.1.jar:/home/mpi/.m2/repository/commons-configuration/commons-configuration/1.10/commons-configuration-1.10.jar:/home/mpi/.m2/repository/commons-lang/commons-lang/2.6/commons-lang-2.6.jar:/home/mpi/.m2/repository/com/fasterxml/jackson/core/jackson-annotations/2.17.2/jackson-annotations-2.17.2.jar:/home/mpi/.m2/repository/com/fasterxml/jackson/core/jackson-core/2.17.2/jackson-core-2.17.2.jar:/home/mpi/.m2/repository/com/netflix/netflix-commons/netflix-eventbus/0.3.0/netflix-eventbus-0.3.0.jar:/home/mpi/.m2/repository/com/netflix/netflix-commons/netflix-infix/0.3.0/netflix-infix-0.3.0.jar:/home/mpi/.m2/repository/commons-jxpath/commons-jxpath/1.3/commons-jxpath-1.3.jar:/home/mpi/.m2/repository/joda-time/joda-time/2.3/joda-time-2.3.jar:/home/mpi/.m2/repository/org/antlr/antlr-runtime/3.4/antlr-runtime-3.4.jar:/home/mpi/.m2/repository/org/antlr/stringtemplate/3.2.1/stringtemplate-3.2.1.jar:/home/mpi/.m2/repository/antlr/antlr/2.7.7/antlr-2.7.7.jar:/home/mpi/.m2/repository/com/google/code/gson/gson/2.10.1/gson-2.10.1.jar:/home/mpi/.m2/repository/com/netflix/servo/servo-core/0.5.3/servo-core-0.5.3.jar:/home/mpi/.m2/repository/org/apache/commons/commons-math/2.2/commons-math-2.2.jar:/home/mpi/.m2/repository/javax/annotation/javax.annotation-api/1.2/javax.annotation-api-1.2.jar:/home/mpi/.m2/repository/org/codehaus/jettison/jettison/1.5.4/jettison-1.5.4.jar:/home/mpi/.m2/repository/com/netflix/eureka/eureka-core/2.0.3/eureka-core-2.0.3.jar:/home/mpi/.m2/repository/com/fasterxml/woodstox/woodstox-core/6.2.1/woodstox-core-6.2.1.jar:/home/mpi/.m2/repository/org/codehaus/woodstox/stax2-api/4.2.1/stax2-api-4.2.1.jar:/home/mpi/.m2/repository/com/google/guava/guava/33.0.0-jre/guava-33.0.0-jre.jar:/home/mpi/.m2/repository/com/google/guava/failureaccess/1.0.2/failureaccess-1.0.2.jar:/home/mpi/.m2/repository/com/google/guava/listenablefuture/9999.0-empty-to-avoid-conflict-with-guava/listenablefuture-9999.0-empty-to-avoid-conflict-with-guava.jar:/home/mpi/.m2/repository/com/google/errorprone/error_prone_annotations/2.23.0/error_prone_annotations-2.23.0.jar:/home/mpi/.m2/repository/com/google/j2objc/j2objc-annotations/2.8/j2objc-annotations-2.8.jar:/home/mpi/.m2/repository/org/springframework/cloud/spring-cloud-starter-loadbalancer/4.1.4/spring-cloud-starter-loadbalancer-4.1.4.jar:/home/mpi/.m2/repository/org/springframework/cloud/spring-cloud-loadbalancer/4.1.4/spring-cloud-loadbalancer-4.1.4.jar:/home/mpi/.m2/repository/io/projectreactor/reactor-core/3.6.9/reactor-core-3.6.9.jar:/home/mpi/.m2/repository/org/reactivestreams/reactive-streams/1.0.4/reactive-streams-1.0.4.jar:/home/mpi/.m2/repository/io/projectreactor/addons/reactor-extra/3.5.2/reactor-extra-3.5.2.jar:/home/mpi/.m2/repository/org/springframework/boot/spring-boot-starter-cache/3.3.3/spring-boot-starter-cache-3.3.3.jar:/home/mpi/.m2/repository/org/springframework/spring-context-support/6.1.12/spring-context-support-6.1.12.jar:/home/mpi/.m2/repository/com/stoyanr/evictor/1.0.0/evictor-1.0.0.jar:/home/mpi/.m2/repository/org/springframework/cloud/spring-cloud-starter-openfeign/4.1.3/spring-cloud-starter-openfeign-4.1.3.jar:/home/mpi/.m2/repository/org/springframework/cloud/spring-cloud-openfeign-core/4.1.3/spring-cloud-openfeign-core-4.1.3.jar:/home/mpi/.m2/repository/io/github/openfeign/form/feign-form-spring/3.8.0/feign-form-spring-3.8.0.jar:/home/mpi/.m2/repository/io/github/openfeign/form/feign-form/3.8.0/feign-form-3.8.0.jar:/home/mpi/.m2/repository/commons-fileupload/commons-fileupload/1.5/commons-fileupload-1.5.jar:/home/mpi/.m2/repository/commons-io/commons-io/2.11.0/commons-io-2.11.0.jar:/home/mpi/.m2/repository/org/springframework/cloud/spring-cloud-commons/4.1.4/spring-cloud-commons-4.1.4.jar:/home/mpi/.m2/repository/org/springframework/security/spring-security-crypto/6.3.3/spring-security-crypto-6.3.3.jar:/home/mpi/.m2/repository/io/github/openfeign/feign-core/13.3/feign-core-13.3.jar:/home/mpi/.m2/repository/io/github/openfeign/feign-slf4j/13.3/feign-slf4j-13.3.jar:/home/mpi/.m2/repository/org/springframework/boot/spring-boot-devtools/3.3.3/spring-boot-devtools-3.3.3.jar:/home/mpi/.m2/repository/org/springframework/boot/spring-boot/3.3.3/spring-boot-3.3.3.jar:/home/mpi/.m2/repository/org/springframework/boot/spring-boot-autoconfigure/3.3.3/spring-boot-autoconfigure-3.3.3.jar:/home/mpi/.m2/repository/org/projectlombok/lombok/1.18.34/lombok-1.18.34.jar:/home/mpi/.m2/repository/org/springframework/boot/spring-boot-starter-test/3.3.3/spring-boot-starter-test-3.3.3.jar:/home/mpi/.m2/repository/org/springframework/boot/spring-boot-test/3.3.3/spring-boot-test-3.3.3.jar:/home/mpi/.m2/repository/org/springframework/boot/spring-boot-test-autoconfigure/3.3.3/spring-boot-test-autoconfigure-3.3.3.jar:/home/mpi/.m2/repository/com/jayway/jsonpath/json-path/2.9.0/json-path-2.9.0.jar:/home/mpi/.m2/repository/jakarta/xml/bind/jakarta.xml.bind-api/4.0.2/jakarta.xml.bind-api-4.0.2.jar:/home/mpi/.m2/repository/jakarta/activation/jakarta.activation-api/2.1.3/jakarta.activation-api-2.1.3.jar:/home/mpi/.m2/repository/net/minidev/json-smart/2.5.1/json-smart-2.5.1.jar:/home/mpi/.m2/repository/net/minidev/accessors-smart/2.5.1/accessors-smart-2.5.1.jar:/home/mpi/.m2/repository/org/ow2/asm/asm/9.6/asm-9.6.jar:/home/mpi/.m2/repository/org/assertj/assertj-core/3.25.3/assertj-core-3.25.3.jar:/home/mpi/.m2/repository/org/awaitility/awaitility/4.2.2/awaitility-4.2.2.jar:/home/mpi/.m2/repository/org/hamcrest/hamcrest/2.2/hamcrest-2.2.jar:/home/mpi/.m2/repository/org/junit/jupiter/junit-jupiter/5.10.3/junit-jupiter-5.10.3.jar:/home/mpi/.m2/repository/org/junit/jupiter/junit-jupiter-api/5.10.3/junit-jupiter-api-5.10.3.jar:/home/mpi/.m2/repository/org/opentest4j/opentest4j/1.3.0/opentest4j-1.3.0.jar:/home/mpi/.m2/repository/org/junit/platform/junit-platform-commons/1.10.3/junit-platform-commons-1.10.3.jar:/home/mpi/.m2/repository/org/apiguardian/apiguardian-api/1.1.2/apiguardian-api-1.1.2.jar:/home/mpi/.m2/repository/org/junit/jupiter/junit-jupiter-params/5.10.3/junit-jupiter-params-5.10.3.jar:/home/mpi/.m2/repository/org/junit/jupiter/junit-jupiter-engine/5.10.3/junit-jupiter-engine-5.10.3.jar:/home/mpi/.m2/repository/org/junit/platform/junit-platform-engine/1.10.3/junit-platform-engine-1.10.3.jar:/home/mpi/.m2/repository/org/mockito/mockito-core/5.11.0/mockito-core-5.11.0.jar:/home/mpi/.m2/repository/net/bytebuddy/byte-buddy-agent/1.14.19/byte-buddy-agent-1.14.19.jar:/home/mpi/.m2/repository/org/objenesis/objenesis/3.3/objenesis-3.3.jar:/home/mpi/.m2/repository/org/mockito/mockito-junit-jupiter/5.11.0/mockito-junit-jupiter-5.11.0.jar:/home/mpi/.m2/repository/org/skyscreamer/jsonassert/1.5.3/jsonassert-1.5.3.jar:/home/mpi/.m2/repository/com/vaadin/external/google/android-json/0.0.20131108.vaadin1/android-json-0.0.20131108.vaadin1.jar:/home/mpi/.m2/repository/org/springframework/spring-core/6.1.12/spring-core-6.1.12.jar:/home/mpi/.m2/repository/org/springframework/spring-jcl/6.1.12/spring-jcl-6.1.12.jar:/home/mpi/.m2/repository/org/springframework/spring-test/6.1.12/spring-test-6.1.12.jar:/home/mpi/.m2/repository/org/xmlunit/xmlunit-core/2.9.1/xmlunit-core-2.9.1.jar:/home/mpi/.m2/repository/org/springframework/amqp/spring-rabbit-test/3.1.7/spring-rabbit-test-3.1.7.jar:/home/mpi/.m2/repository/org/springframework/amqp/spring-rabbit-junit/3.1.7/spring-rabbit-junit-3.1.7.jar:/home/mpi/.m2/repository/org/hamcrest/hamcrest-library/2.2/hamcrest-library-2.2.jar:/home/mpi/.m2/repository/org/hamcrest/hamcrest-core/2.2/hamcrest-core-2.2.jar:/home/mpi/.m2/repository/org/mapstruct/mapstruct/1.6.0.Beta1/mapstruct-1.6.0.Beta1.jar:/home/mpi/.m2/repository/org/springframework/boot/spring-boot-starter-actuator/3.3.3/spring-boot-starter-actuator-3.3.3.jar:/home/mpi/.m2/repository/org/springframework/boot/spring-boot-actuator-autoconfigure/3.3.3/spring-boot-actuator-autoconfigure-3.3.3.jar:/home/mpi/.m2/repository/org/springframework/boot/spring-boot-actuator/3.3.3/spring-boot-actuator-3.3.3.jar:/home/mpi/.m2/repository/io/micrometer/micrometer-observation/1.13.3/micrometer-observation-1.13.3.jar:/home/mpi/.m2/repository/io/micrometer/micrometer-commons/1.13.3/micrometer-commons-1.13.3.jar:/home/mpi/.m2/repository/io/micrometer/micrometer-jakarta9/1.13.3/micrometer-jakarta9-1.13.3.jar:/home/mpi/.m2/repository/io/micrometer/micrometer-core/1.13.3/micrometer-core-1.13.3.jar:/home/mpi/.m2/repository/org/hdrhistogram/HdrHistogram/2.2.2/HdrHistogram-2.2.2.jar:/home/mpi/.m2/repository/org/latencyutils/LatencyUtils/2.0.3/LatencyUtils-2.0.3.jar:/home/mpi/.m2/repository/org/postgresql/postgresql/42.7.3/postgresql-42.7.3.jar:/home/mpi/.m2/repository/org/checkerframework/checker-qual/3.42.0/checker-qual-3.42.0.jar:"/>
    <property name="sun.cpu.endian" value="little"/>
    <property name="user.home" value="/home/mpi"/>
    <property name="user.language" value="en"/>
    <property name="java.specification.vendor" value="Oracle Corporation"/>
    <property name="java.version.date" value="2022-07-19"/>
    <property name="java.home" value="/home/mpi/.jdks/corretto-18.0.2"/>
    <property name="file.separator" value="/"/>
    <property name="basedir" value="/home/mpi/tfg/server/HistoryService"/>
    <property name="java.vm.compressedOopsMode" value="Zero based"/>
    <property name="line.separator" value="&#10;"/>
    <property name="java.specification.name" value="Java Platform API Specification"/>
    <property name="java.vm.specification.vendor" value="Oracle Corporation"/>
    <property name="FILE_LOG_CHARSET" value="UTF-8"/>
    <property name="java.awt.headless" value="true"/>
    <property name="surefire.real.class.path" value="/home/mpi/tfg/server/HistoryService/target/surefire/surefirebooter-20240826181541592_3.jar"/>
    <property name="sun.management.compiler" value="HotSpot 64-Bit Tiered Compilers"/>
    <property name="java.runtime.version" value="18.0.2+9-FR"/>
    <property name="user.name" value="mpi"/>
    <property name="path.separator" value=":"/>
    <property name="os.version" value="6.8.0-40-generic"/>
    <property name="java.runtime.name" value="OpenJDK Runtime Environment"/>
    <property name="file.encoding" value="UTF-8"/>
    <property name="java.vm.name" value="OpenJDK 64-Bit Server VM"/>
    <property name="java.vendor.version" value="Corretto-18.0.2.9.1"/>
    <property name="localRepository" value="/home/mpi/.m2/repository"/>
    <property name="java.vendor.url.bug" value="https://github.com/corretto/corretto-18/issues/"/>
    <property name="java.io.tmpdir" value="/tmp"/>
    <property name="idea.version" value="2024.2.0.2"/>
    <property name="com.zaxxer.hikari.pool_number" value="1"/>
    <property name="java.version" value="18.0.2"/>
    <property name="user.dir" value="/home/mpi/tfg/server/HistoryService"/>
    <property name="os.arch" value="amd64"/>
    <property name="java.vm.specification.name" value="Java Virtual Machine Specification"/>
    <property name="PID" value="2970174"/>
    <property name="CONSOLE_LOG_CHARSET" value="UTF-8"/>
    <property name="native.encoding" value="UTF-8"/>
    <property name="java.library.path" value="/usr/java/packages/lib:/usr/lib64:/lib64:/lib:/usr/lib"/>
    <property name="java.vm.info" value="mixed mode, sharing"/>
    <property name="java.vendor" value="Amazon.com Inc."/>
    <property name="java.vm.version" value="18.0.2+9-FR"/>
    <property name="sun.io.unicode.encoding" value="UnicodeLittle"/>
    <property name="java.class.version" value="62.0"/>
    <property name="LOGGED_APPLICATION_NAME" value="[HistoryService] "/>
  </properties>
  <testcase name="contextLoads" classname="edu.udg.tfg.HistoryService.HistoryServiceApplicationTests" time="0.369">
    <system-out><![CDATA[18:15:42.208 [main] INFO org.springframework.test.context.support.AnnotationConfigContextLoaderUtils -- Could not detect default configuration classes for test class [edu.udg.tfg.HistoryService.HistoryServiceApplicationTests]: HistoryServiceApplicationTests does not declare any static, non-private, non-final, nested classes annotated with @Configuration.
18:15:42.306 [main] INFO org.springframework.boot.test.context.SpringBootTestContextBootstrapper -- Found @SpringBootConfiguration edu.udg.tfg.HistoryService.HistoryServiceApplication for test class edu.udg.tfg.HistoryService.HistoryServiceApplicationTests
18:15:42.408 [main] INFO org.springframework.boot.devtools.restart.RestartApplicationListener -- Restart disabled due to context in which it is running

  .   ____          _            __ _ _
 /\\ / ___'_ __ _ _(_)_ __  __ _ \ \ \ \
( ( )\___ | '_ | '_| | '_ \/ _` | \ \ \ \
 \\/  ___)| |_)| | | | | || (_| |  ) ) ) )
  '  |____| .__|_| |_|_| |_\__, | / / / /
 =========|_|==============|___/=/_/_/_/

 :: Spring Boot ::                (v3.3.3)

2024-08-26T18:15:42.672+02:00  INFO 2970174 --- [HistoryService] [           main] e.u.t.H.HistoryServiceApplicationTests   : Starting HistoryServiceApplicationTests using Java 18.0.2 with PID 2970174 (started by mpi in /home/mpi/tfg/server/HistoryService)
2024-08-26T18:15:42.673+02:00  INFO 2970174 --- [HistoryService] [           main] e.u.t.H.HistoryServiceApplicationTests   : No active profile set, falling back to 1 default profile: "default"
2024-08-26T18:15:43.611+02:00  INFO 2970174 --- [HistoryService] [           main] .s.d.r.c.RepositoryConfigurationDelegate : Bootstrapping Spring Data JPA repositories in DEFAULT mode.
2024-08-26T18:15:43.716+02:00  INFO 2970174 --- [HistoryService] [           main] .s.d.r.c.RepositoryConfigurationDelegate : Finished Spring Data repository scanning in 99 ms. Found 1 JPA repository interface.
2024-08-26T18:15:43.956+02:00  INFO 2970174 --- [HistoryService] [           main] o.s.cloud.context.scope.GenericScope     : BeanFactory id=b8ab0c7c-22b2-3c89-bd88-ff709ce97d0b
2024-08-26T18:15:44.239+02:00  WARN 2970174 --- [HistoryService] [           main] trationDelegate$BeanPostProcessorChecker : Bean 'org.springframework.cloud.client.loadbalancer.LoadBalancerAutoConfiguration$DeferringLoadBalancerInterceptorConfig' of type [org.springframework.cloud.client.loadbalancer.LoadBalancerAutoConfiguration$DeferringLoadBalancerInterceptorConfig] is not eligible for getting processed by all BeanPostProcessors (for example: not eligible for auto-proxying). The currently created BeanPostProcessor [lbRestClientPostProcessor] is declared through a non-static factory method on that class; consider declaring it as static instead.
2024-08-26T18:15:44.243+02:00  WARN 2970174 --- [HistoryService] [           main] trationDelegate$BeanPostProcessorChecker : Bean 'deferringLoadBalancerInterceptor' of type [org.springframework.cloud.client.loadbalancer.DeferringLoadBalancerInterceptor] is not eligible for getting processed by all BeanPostProcessors (for example: not eligible for auto-proxying). Is this bean getting eagerly injected into a currently created BeanPostProcessor [lbRestClientPostProcessor]? Check the corresponding BeanPostProcessor declaration and its dependencies.
2024-08-26T18:15:44.417+02:00  INFO 2970174 --- [HistoryService] [           main] o.hibernate.jpa.internal.util.LogHelper  : HHH000204: Processing PersistenceUnitInfo [name: default]
2024-08-26T18:15:44.457+02:00  INFO 2970174 --- [HistoryService] [           main] org.hibernate.Version                    : HHH000412: Hibernate ORM core version 6.5.2.Final
2024-08-26T18:15:44.481+02:00  INFO 2970174 --- [HistoryService] [           main] o.h.c.internal.RegionFactoryInitiator    : HHH000026: Second-level cache disabled
2024-08-26T18:15:44.699+02:00  INFO 2970174 --- [HistoryService] [           main] o.s.o.j.p.SpringPersistenceUnitInfo      : No LoadTimeWeaver setup: ignoring JPA class transformer
2024-08-26T18:15:44.717+02:00  INFO 2970174 --- [HistoryService] [           main] com.zaxxer.hikari.HikariDataSource       : HikariPool-1 - Starting...
2024-08-26T18:15:44.848+02:00  INFO 2970174 --- [HistoryService] [           main] com.zaxxer.hikari.pool.HikariPool        : HikariPool-1 - Added connection org.postgresql.jdbc.PgConnection@2919aff3
2024-08-26T18:15:44.850+02:00  INFO 2970174 --- [HistoryService] [           main] com.zaxxer.hikari.HikariDataSource       : HikariPool-1 - Start completed.
2024-08-26T18:15:45.696+02:00  INFO 2970174 --- [HistoryService] [           main] o.h.e.t.j.p.i.JtaPlatformInitiator       : HHH000489: No JTA platform available (set 'hibernate.transaction.jta.platform' to enable JTA platform integration)
2024-08-26T18:15:45.740+02:00  INFO 2970174 --- [HistoryService] [           main] j.LocalContainerEntityManagerFactoryBean : Initialized JPA EntityManagerFactory for persistence unit 'default'
2024-08-26T18:15:46.967+02:00  WARN 2970174 --- [HistoryService] [           main] JpaBaseConfiguration$JpaWebConfiguration : spring.jpa.open-in-view is enabled by default. Therefore, database queries may be performed during view rendering. Explicitly configure spring.jpa.open-in-view to disable this warning
2024-08-26T18:15:48.179+02:00  INFO 2970174 --- [HistoryService] [           main] DiscoveryClientOptionalArgsConfiguration : Eureka HTTP Client uses RestTemplate.
2024-08-26T18:15:48.238+02:00  WARN 2970174 --- [HistoryService] [           main] iguration$LoadBalancerCaffeineWarnLogger : Spring Cloud LoadBalancer is currently working with the default cache. While this cache implementation is useful for development and tests, it's recommended to use Caffeine cache in production.You can switch to using Caffeine cache, by adding it and org.springframework.cache.caffeine.CaffeineCacheManager to the classpath.
2024-08-26T18:15:48.266+02:00  INFO 2970174 --- [HistoryService] [           main] o.s.b.a.e.web.EndpointLinksResolver      : Exposing 2 endpoints beneath base path '/actuator'
2024-08-26T18:15:48.339+02:00  INFO 2970174 --- [HistoryService] [           main] o.s.c.n.eureka.InstanceInfoFactory       : Setting initial instance status as: STARTING
2024-08-26T18:15:48.358+02:00  INFO 2970174 --- [HistoryService] [           main] com.netflix.discovery.DiscoveryClient    : Initializing Eureka in region us-east-1
2024-08-26T18:15:48.361+02:00  INFO 2970174 --- [HistoryService] [           main] c.n.d.s.r.aws.ConfigClusterResolver      : Resolving eureka endpoints via configuration
2024-08-26T18:15:48.368+02:00  INFO 2970174 --- [HistoryService] [           main] com.netflix.discovery.DiscoveryClient    : Disable delta property : false
2024-08-26T18:15:48.368+02:00  INFO 2970174 --- [HistoryService] [           main] com.netflix.discovery.DiscoveryClient    : Single vip registry refresh property : null
2024-08-26T18:15:48.368+02:00  INFO 2970174 --- [HistoryService] [           main] com.netflix.discovery.DiscoveryClient    : Force full registry fetch : false
2024-08-26T18:15:48.368+02:00  INFO 2970174 --- [HistoryService] [           main] com.netflix.discovery.DiscoveryClient    : Application is null : false
2024-08-26T18:15:48.368+02:00  INFO 2970174 --- [HistoryService] [           main] com.netflix.discovery.DiscoveryClient    : Registered Applications size is zero : true
2024-08-26T18:15:48.369+02:00  INFO 2970174 --- [HistoryService] [           main] com.netflix.discovery.DiscoveryClient    : Application version is -1: true
2024-08-26T18:15:48.369+02:00  INFO 2970174 --- [HistoryService] [           main] com.netflix.discovery.DiscoveryClient    : Getting all instance registry info from the eureka server
2024-08-26T18:15:48.570+02:00  INFO 2970174 --- [HistoryService] [           main] com.netflix.discovery.DiscoveryClient    : The response status is 200
2024-08-26T18:15:48.571+02:00  INFO 2970174 --- [HistoryService] [           main] com.netflix.discovery.DiscoveryClient    : Starting heartbeat executor: renew interval is: 10
2024-08-26T18:15:48.573+02:00  INFO 2970174 --- [HistoryService] [           main] c.n.discovery.InstanceInfoReplicator     : InstanceInfoReplicator onDemand update allowed rate per min is 4
2024-08-26T18:15:48.574+02:00  INFO 2970174 --- [HistoryService] [           main] com.netflix.discovery.DiscoveryClient    : Discovery Client initialized at timestamp 1724688948574 with initial instances count: 9
2024-08-26T18:15:48.587+02:00  INFO 2970174 --- [HistoryService] [           main] o.s.c.n.e.s.EurekaServiceRegistry        : Registering application HISTORYSERVICE with eureka with status UP
2024-08-26T18:15:48.589+02:00  INFO 2970174 --- [HistoryService] [           main] com.netflix.discovery.DiscoveryClient    : Saw local status change event StatusChangeEvent [timestamp=1724688948589, current=UP, previous=STARTING]
2024-08-26T18:15:48.594+02:00  INFO 2970174 --- [HistoryService] [foReplicator-%d] com.netflix.discovery.DiscoveryClient    : DiscoveryClient_HISTORYSERVICE/HistoryService: registering service...
2024-08-26T18:15:48.599+02:00  INFO 2970174 --- [HistoryService] [           main] o.s.a.r.c.CachingConnectionFactory       : Attempting to connect to: [0.0.0.0:5672]
2024-08-26T18:15:48.634+02:00  INFO 2970174 --- [HistoryService] [foReplicator-%d] com.netflix.discovery.DiscoveryClient    : DiscoveryClient_HISTORYSERVICE/HistoryService - registration status: 204
2024-08-26T18:15:48.634+02:00  INFO 2970174 --- [HistoryService] [           main] o.s.a.r.c.CachingConnectionFactory       : Created new connection: rabbitConnectionFactory#1fdbba0d:0/SimpleConnection@5137526a [delegate=amqp://guest@127.0.1.1:5672/, localPort=59528]
2024-08-26T18:15:48.640+02:00  INFO 2970174 --- [HistoryService] [           main] o.s.amqp.rabbit.core.RabbitAdmin         : Auto-declaring a non-durable, auto-delete, or exclusive Queue (history) durable:false, auto-delete:false, exclusive:false. It will be redeclared if the broker stops and is restarted while the connection factory is alive, but all messages will be lost.
2024-08-26T18:15:48.716+02:00  INFO 2970174 --- [HistoryService] [           main] e.u.t.H.HistoryServiceApplicationTests   : Started HistoryServiceApplicationTests in 6.316 seconds (process running for 7.072)
]]></system-out>
  </testcase>
</testsuite>